Arguments: 
  /usr/local/bin/node /usr/local/bin/yarn

PATH: 
  /usr/local/bin:/usr/bin:/bin:/usr/sbin:/sbin:/opt/X11/bin:/Library/Apple/usr/bin:/Users/mikhail/PycharmProjects/shop_platform_commerce/node_modules/.bin

Yarn version: 
  1.22.17

Node version: 
  16.15.1

Platform: 
  darwin x64

Trace: 
  SyntaxError: /Users/mikhail/PycharmProjects/shop_platform_commerce/package.json: Unexpected token / in JSON at position 1471
      at JSON.parse (<anonymous>)
      at /usr/local/lib/node_modules/yarn/lib/cli.js:1625:59
      at Generator.next (<anonymous>)
      at step (/usr/local/lib/node_modules/yarn/lib/cli.js:310:30)
      at /usr/local/lib/node_modules/yarn/lib/cli.js:321:13

npm manifest: 
  {
    "name": "@enversio/commerce",
    "version": "0.0.1",
    "license": "MIT",
    "scripts": {
      "release": "taskr release",
      "build": "taskr build",
      "dev": "taskr",
      "types": "tsc --emitDeclarationOnly",
      "prettier-fix": "prettier --write ."
    },
    "sideEffects": false,
    "type": "module",
    "exports": {
      ".": "./dist/index.js",
      "./*": [
        "./dist/*.js",
        "./dist/*/index.js"
      ],
      "./config": "./dist/config.cjs"
    },
    "typesVersions": {
      "*": {
        "*": [
          "src/*",
          "src/*/index"
        ],
        "config": [
          "dist/config.d.cts"
        ]
      }
    },
    "files": [
      "dist"
    ],
    "publishConfig": {
      "typesVersions": {
        "*": {
          "*": [
            "dist/*.d.ts",
            "dist/*/index.d.ts"
          ],
          "config": [
            "dist/config.d.cts"
          ]
        }
      }
    },
    "dependencies": {
      "@vercel/fetch": "^6.1.1",
      "deepmerge": "^4.2.2",
      "import-cwd": "^3.0.0",
      "js-cookie": "^3.0.1",
      "swr": "^1.2.0"
    },
    "peerDependencies": {
      "next": "^12",
      "react": "^17",
      "react-dom": "^17"
    },
    "devDependencies": {
      "@taskr/clear": "^1.1.0",
      "@taskr/esnext": "^1.1.0",
      "@taskr/watch": "^1.1.0",
      "@types/js-cookie": "^3.0.1",
      "@types/node": "^17.0.8",
      "@types/react": "^17.0.38",
      "lint-staged": "^12.1.7",
      "next": "^12.0.8",
      "prettier": "^2.5.1",
      "react": "^17.0.2",
      "react-dom": "^17.0.2",
      "taskr": "^1.1.0",
  //    "taskr-swc": "^0.0.1",
      "typescript": "^4.5.4"
    },
    "lint-staged": {
      "**/*.{js,jsx,ts,tsx,json}": [
        "prettier --write",
        "git add"
      ]
    }
  }

yarn manifest: 
  No manifest

Lockfile: 
  No lockfile
